<?xml version="1.0" encoding="UTF-8"?>
<result>
   <param name="pTestParam">TestValue</param>
   <param name="pTestParam2">TestValue2</param>
    Sample content
</result>
